c:\abinash-work\leetcode-daily-practice\coding-2022-target\leetcode\x64\debug\vc143.pdb
c:\abinash-work\leetcode-daily-practice\coding-2022-target\leetcode\x64\debug\vc143.idb
c:\abinash-work\leetcode-daily-practice\coding-2022-target\leetcode\x64\debug\reversewordsinstringiii.obj
c:\abinash-work\leetcode-daily-practice\coding-2022-target\leetcode\x64\debug\reversewordinstring.obj
c:\abinash-work\leetcode-daily-practice\coding-2022-target\leetcode\x64\debug\removeelement.obj
c:\abinash-work\leetcode-daily-practice\coding-2022-target\leetcode\x64\debug\removeduplicatefromsortedintarray.obj
c:\abinash-work\leetcode-daily-practice\coding-2022-target\leetcode\x64\debug\plusone.obj
c:\abinash-work\leetcode-daily-practice\coding-2022-target\leetcode\x64\debug\perfectsquares.obj
c:\abinash-work\leetcode-daily-practice\coding-2022-target\leetcode\x64\debug\pascaltriangleii.obj
c:\abinash-work\leetcode-daily-practice\coding-2022-target\leetcode\x64\debug\pascaltriangle.obj
c:\abinash-work\leetcode-daily-practice\coding-2022-target\leetcode\x64\debug\openthelock.obj
c:\abinash-work\leetcode-daily-practice\coding-2022-target\leetcode\x64\debug\numberofislands.obj
c:\abinash-work\leetcode-daily-practice\coding-2022-target\leetcode\x64\debug\movingavg.obj
c:\abinash-work\leetcode-daily-practice\coding-2022-target\leetcode\x64\debug\minstack.obj
c:\abinash-work\leetcode-daily-practice\coding-2022-target\leetcode\x64\debug\minimumsizesubarraysum.obj
c:\abinash-work\leetcode-daily-practice\coding-2022-target\leetcode\x64\debug\maxconsecutiveones.obj
c:\abinash-work\leetcode-daily-practice\coding-2022-target\leetcode\x64\debug\longestcommonprefixstring.obj
c:\abinash-work\leetcode-daily-practice\coding-2022-target\leetcode\x64\debug\diagonaltraverse.obj
c:\abinash-work\leetcode-daily-practice\coding-2022-target\leetcode\x64\debug\designcircularqueue.obj
c:\abinash-work\leetcode-daily-practice\coding-2022-target\leetcode\x64\debug\circularqueueimpleii.obj
c:\abinash-work\leetcode-daily-practice\coding-2022-target\leetcode\x64\debug\addbinary.obj
c:\abinash-work\leetcode-daily-practice\coding-2022-target\leetcode\x64\debug\412_fizzbuzz.obj
c:\abinash-work\leetcode-daily-practice\coding-2022-target\leetcode\x64\debug\wordabbreviation.obj
c:\abinash-work\leetcode-daily-practice\coding-2022-target\leetcode\x64\debug\wallsandgates.obj
c:\abinash-work\leetcode-daily-practice\coding-2022-target\leetcode\x64\debug\strstr.obj
c:\abinash-work\leetcode-daily-practice\coding-2022-target\leetcode\x64\debug\split_array_largest_sum.obj
c:\abinash-work\leetcode-daily-practice\coding-2022-target\leetcode\x64\debug\spiralmatrix.obj
c:\abinash-work\leetcode-daily-practice\coding-2022-target\leetcode\x64\debug\validparenthesis.obj
c:\abinash-work\leetcode-daily-practice\coding-2022-target\leetcode\x64\debug\ransom_note.obj
c:\abinash-work\leetcode-daily-practice\coding-2022-target\leetcode\x64\debug\source.obj
c:\abinash-work\leetcode-daily-practice\coding-2022-target\leetcode\x64\debug\rotatearray.obj
c:\abinash-work\leetcode-daily-practice\coding-2022-target\leetcode\x64\debug\richest_customer.obj
c:\abinash-work\leetcode-daily-practice\coding-2022-target\leetcode\x64\debug\reversepolishnotation.obj
c:\abinash-work\leetcode-daily-practice\coding-2022-target\leetcode\x64\debug\dailytemperatures.obj
c:\abinash-work\leetcode-daily-practice\coding-2022-target\leetcode\x64\debug\numberofislandusingdfs.obj
c:\abinash-work\leetcode-daily-practice\coding-2022-target\leetcode\x64\debug\clonegraph.obj
c:\abinash-work\leetcode-daily-practice\coding-2022-target\leetcode\x64\debug\clonegrapgusingbfs.obj
c:\abinash-work\leetcode-daily-practice\coding-2022-target\leetcode\x64\debug\targetsum.obj
c:\abinash-work\leetcode-daily-practice\coding-2022-target\leetcode\x64\debug\implementqueueusingstack.obj
c:\abinash-work\leetcode-daily-practice\coding-2022-target\leetcode\x64\debug\dfstemplateii.obj
c:\abinash-work\leetcode-daily-practice\coding-2022-target\leetcode\x64\debug\binarytreeinordertraversal.obj
c:\abinash-work\leetcode-daily-practice\coding-2022-target\leetcode\x64\debug\implementstackusingqueues.obj
c:\abinash-work\leetcode-daily-practice\coding-2022-target\leetcode\x64\debug\decodestring.obj
c:\abinash-work\leetcode-daily-practice\coding-2022-target\leetcode\x64\debug\floodfill.obj
c:\abinash-work\leetcode-daily-practice\coding-2022-target\leetcode\x64\debug\01matrix.obj
c:\abinash-work\leetcode-daily-practice\coding-2022-target\leetcode\x64\debug\keysandrooms.obj
c:\abinash-work\leetcode-daily-practice\coding-2022-target\leetcode\x64\debug\heapfundamentals.obj
c:\abinash-work\leetcode-daily-practice\coding-2022-target\leetcode\x64\debug\topklargestelements.obj
c:\abinash-work\leetcode-daily-practice\coding-2022-target\leetcode\x64\debug\findkthlargestelem.obj
c:\abinash-work\leetcode-daily-practice\coding-2022-target\leetcode\x64\debug\thekweakestrowsinamatrix.obj
c:\abinash-work\leetcode-daily-practice\coding-2022-target\leetcode\x64\debug\laststoneweight.obj
c:\abinash-work\leetcode-daily-practice\coding-2022-target\leetcode\x64\debug\kthsmallestelement.obj
c:\abinash-work\leetcode-daily-practice\coding-2022-target\leetcode\x64\debug\kthlargesteleminstream.obj
c:\abinash-work\leetcode-daily-practice\coding-2022-target\leetcode\x64\debug\meetingroomii.obj
c:\abinash-work\leetcode-daily-practice\coding-2022-target\leetcode\x64\debug\principalofrecursion.obj
c:\abinash-work\leetcode-daily-practice\coding-2022-target\leetcode\x64\debug\minimumcosttoconnectstick.obj
c:\abinash-work\leetcode-daily-practice\coding-2022-target\leetcode\x64\debug\kclosestpoint2origin.obj
c:\abinash-work\leetcode-daily-practice\coding-2022-target\leetcode\x64\debug\1642_leetcode.obj
c:\abinash-work\leetcode-daily-practice\coding-2022-target\leetcode\x64\debug\findmedianfromdatastream.obj
c:\abinash-work\leetcode-daily-practice\coding-2022-target\leetcode\x64\debug\fundamental.obj
c:\abinash-work\leetcode-daily-practice\coding-2022-target\leetcode\x64\debug\700_leetcode.obj
c:\abinash-work\leetcode-daily-practice\coding-2022-target\leetcode\x64\debug\24_leetcode.obj
c:\abinash-work\leetcode-daily-practice\coding-2022-target\leetcode\x64\debug\206_leetcode.obj
c:\abinash-work\leetcode-daily-practice\coding-2022-target\leetcode\x64\debug\50_medium_leetcode.obj
c:\abinash-work\leetcode-daily-practice\coding-2022-target\leetcode\x64\debug\21_easy_leetcode.obj
c:\abinash-work\leetcode-daily-practice\coding-2022-target\leetcode\x64\debug\104_leetcode.obj
c:\abinash-work\leetcode-daily-practice\coding-2022-target\leetcode\x64\debug\677_medium_leetcode.obj
c:\abinash-work\leetcode-daily-practice\coding-2022-target\leetcode\x64\debug\208_medium_leetcode.obj
c:\abinash-work\leetcode-daily-practice\coding-2022-target\leetcode\x64\debug\677_medium_approach02.obj
c:\abinash-work\leetcode-daily-practice\coding-2022-target\leetcode\x64\debug\648_medium_leetcode.obj
c:\abinash-work\leetcode-daily-practice\coding-2022-target\leetcode\x64\debug\01_designsearchautocompletesystem.obj
c:\abinash-work\leetcode-daily-practice\coding-2022-target\leetcode\x64\debug\106_medium_leetcode.obj
c:\abinash-work\leetcode-daily-practice\coding-2022-target\leetcode\x64\debug\106_medium_approachii.obj
c:\abinash-work\leetcode-daily-practice\coding-2022-target\leetcode\x64\debug\105_medium_leetcode.obj
c:\abinash-work\leetcode-daily-practice\coding-2022-target\leetcode\x64\debug\116_medium_leetcode.obj
c:\abinash-work\leetcode-daily-practice\coding-2022-target\leetcode\x64\debug\236_medium_leetcode.obj
c:\abinash-work\leetcode-daily-practice\coding-2022-target\leetcode\x64\debug\mergesort_topdown.obj
c:\abinash-work\leetcode-daily-practice\coding-2022-target\leetcode\x64\debug\mergesort_bottomup.obj
c:\abinash-work\leetcode-daily-practice\coding-2022-target\leetcode\x64\debug\98_medium_leetcode_approach02.obj
c:\abinash-work\leetcode-daily-practice\coding-2022-target\leetcode\x64\debug\98_medium_leetcode.obj
c:\abinash-work\leetcode-daily-practice\coding-2022-target\leetcode\x64\debug\240_medium_leetcode.obj
c:\abinash-work\leetcode-daily-practice\coding-2022-target\leetcode\x64\debug\quicksort.obj
c:\abinash-work\leetcode-daily-practice\coding-2022-target\leetcode\x64\debug\52_hard_leetcode.obj
c:\abinash-work\leetcode-daily-practice\coding-2022-target\leetcode\x64\debug\489_hard_leetcode.obj
c:\abinash-work\leetcode-daily-practice\coding-2022-target\leetcode\x64\debug\n-642_hard_leetcode.obj
c:\abinash-work\leetcode-daily-practice\coding-2022-target\leetcode\x64\debug\n-211_medium_leetcode.obj
c:\abinash-work\leetcode-daily-practice\coding-2022-target\leetcode\x64\debug\37_hard_sudokupuzzle.obj
c:\abinash-work\leetcode-daily-practice\coding-2022-target\leetcode\x64\debug\77_medium_combinations.obj
c:\abinash-work\leetcode-daily-practice\coding-2022-target\leetcode\x64\debug\binarytreesame.obj
c:\abinash-work\leetcode-daily-practice\coding-2022-target\leetcode\x64\debug\22_medium_generateparenthesis.obj
c:\abinash-work\leetcode-daily-practice\coding-2022-target\leetcode\x64\debug\51_hard_nqueensproblem.obj
c:\abinash-work\leetcode-daily-practice\coding-2022-target\leetcode\x64\debug\426_medium_convertbinarysearchtree.obj
c:\abinash-work\leetcode-daily-practice\coding-2022-target\leetcode\x64\debug\127_hard_leetcode.obj
c:\abinash-work\leetcode-daily-practice\coding-2022-target\leetcode\x64\debug\25_hard_reversenodesinkgroup.obj
c:\abinash-work\leetcode-daily-practice\coding-2022-target\leetcode\x64\debug\1971_easy_findifpathexistingraph.obj
c:\abinash-work\leetcode-daily-practice\coding-2022-target\leetcode\x64\debug\642_hard_leetcode.obj
c:\abinash-work\leetcode-daily-practice\coding-2022-target\leetcode\x64\debug\211_medium_leetcode.obj
c:\abinash-work\leetcode-daily-practice\coding-2022-target\leetcode\x64\debug\421_medium_maximumxoroftwonumbersinanarray.obj
c:\abinash-work\leetcode-daily-practice\coding-2022-target\leetcode\x64\debug\[approach02]886_medium_leetcode.obj
c:\abinash-work\leetcode-daily-practice\coding-2022-target\leetcode\x64\debug\unionfind_ds_implementation.obj
c:\abinash-work\leetcode-daily-practice\coding-2022-target\leetcode\x64\debug\95_medium_uniquebinarysearchtreeii.obj
c:\abinash-work\leetcode-daily-practice\coding-2022-target\leetcode\x64\debug\886_medium_bipartition.obj
c:\abinash-work\leetcode-daily-practice\coding-2022-target\leetcode\x64\debug\[n]95_medium_uniquebinarysearchtreeii.obj
c:\abinash-work\leetcode-daily-practice\coding-2022-target\leetcode\x64\debug\790_medium_approach01.obj
c:\abinash-work\leetcode-daily-practice\coding-2022-target\leetcode\x64\debug\503_medium_nextgreaterelementii.obj
c:\abinash-work\leetcode-daily-practice\coding-2022-target\leetcode\x64\debug\496_easy_nextgreaterelement.obj
c:\abinash-work\leetcode-daily-practice\coding-2022-target\leetcode\x64\debug\1756_medium_designmruqueue.obj
c:\abinash-work\leetcode-daily-practice\coding-2022-target\leetcode\x64\debug\1756_medium_approach02.obj
c:\abinash-work\leetcode-daily-practice\coding-2022-target\leetcode\x64\debug\556_medium_nextgreaterelementiii.obj
c:\abinash-work\leetcode-daily-practice\coding-2022-target\leetcode\x64\debug\1019_medium_nextgreaternode.obj
c:\abinash-work\leetcode-daily-practice\coding-2022-target\leetcode\x64\debug\1071_easy_gcdofstring.obj
c:\abinash-work\leetcode-daily-practice\coding-2022-target\leetcode\x64\debug\18_medium_04sum.obj
c:\abinash-work\leetcode-daily-practice\coding-2022-target\leetcode\x64\debug\1834_medium_singlethreadedcpu.obj
c:\abinash-work\leetcode-daily-practice\coding-2022-target\leetcode\x64\debug\111_easy_mindepth.obj
c:\abinash-work\leetcode-daily-practice\coding-2022-target\leetcode\x64\debug\110_easy_balancedbinarytree.obj
c:\abinash-work\leetcode-daily-practice\coding-2022-target\leetcode\x64\debug\680_easy_palindromeii.obj
c:\abinash-work\leetcode-daily-practice\coding-2022-target\leetcode\x64\debug\125_easy_validpalindrome.obj
c:\abinash-work\leetcode-daily-practice\coding-2022-target\leetcode\x64\debug\n_18_medium_04sum.obj
c:\abinash-work\leetcode-daily-practice\coding-2022-target\leetcode\x64\debug\560_medium_subarraysumequalk.obj
c:\abinash-work\leetcode-daily-practice\coding-2022-target\leetcode\x64\debug\290_easy_wordpattern.obj
c:\abinash-work\leetcode-daily-practice\coding-2022-target\leetcode\x64\debug\520_easy_detectcapital.obj
c:\abinash-work\leetcode-daily-practice\coding-2022-target\leetcode\x64\debug\212_hard_wordsearchii.obj
c:\abinash-work\leetcode-daily-practice\coding-2022-target\leetcode\x64\debug\35_easy_searchinsertposition.obj
c:\abinash-work\leetcode-daily-practice\coding-2022-target\x64\debug\leetcode.exe
c:\abinash-work\leetcode-daily-practice\coding-2022-target\leetcode\x64\debug\leetcode.ilk
c:\abinash-work\leetcode-daily-practice\coding-2022-target\x64\debug\leetcode.pdb
c:\abinash-work\leetcode-daily-practice\coding-2022-target\leetcode\x64\debug\1019_medium_nextgreaternode.obj.enc
c:\abinash-work\leetcode-daily-practice\coding-2022-target\leetcode\x64\debug\116_medium_leetcode.obj.enc
c:\abinash-work\leetcode-daily-practice\coding-2022-target\leetcode\x64\debug\212_hard_wordsearchii.obj.enc
c:\abinash-work\leetcode-daily-practice\coding-2022-target\leetcode\x64\debug\642_hard_leetcode.obj.enc
c:\abinash-work\leetcode-daily-practice\coding-2022-target\leetcode\x64\debug\648_medium_leetcode.obj.enc
c:\abinash-work\leetcode-daily-practice\coding-2022-target\leetcode\x64\debug\clonegrapgusingbfs.obj.enc
c:\abinash-work\leetcode-daily-practice\coding-2022-target\leetcode\x64\debug\mergesort_bottomup.obj.enc
c:\abinash-work\leetcode-daily-practice\coding-2022-target\leetcode\x64\debug\mergesort_topdown.obj.enc
c:\abinash-work\leetcode-daily-practice\coding-2022-target\leetcode\x64\debug\reversepolishnotation.obj.enc
c:\abinash-work\leetcode-daily-practice\coding-2022-target\leetcode\x64\debug\leetcode.tlog\cl.command.1.tlog
c:\abinash-work\leetcode-daily-practice\coding-2022-target\leetcode\x64\debug\leetcode.tlog\cl.read.1.tlog
c:\abinash-work\leetcode-daily-practice\coding-2022-target\leetcode\x64\debug\leetcode.tlog\cl.write.1.tlog
c:\abinash-work\leetcode-daily-practice\coding-2022-target\leetcode\x64\debug\leetcode.tlog\link.command.1.tlog
c:\abinash-work\leetcode-daily-practice\coding-2022-target\leetcode\x64\debug\leetcode.tlog\link.read.1.tlog
c:\abinash-work\leetcode-daily-practice\coding-2022-target\leetcode\x64\debug\leetcode.tlog\link.write.1.tlog
